# JRE version: Java(TM) SE Runtime Environment (8.0_221-b11) (build 1.8.0_221-b11)
# Java VM: Java HotSpot(TM) 64-Bit Server VM (25.221-b11 mixed mode windows-amd64 compressed oops)
Heap:
 PSYoungGen      total 323072K, used 163731K [0x00000000eb980000, 0x0000000100000000, 0x0000000100000000)
  eden space 311808K, 52% used [0x00000000eb980000,0x00000000f5964eb8,0x00000000fea00000)
  from space 11264K, 0% used [0x00000000fea00000,0x00000000fea00000,0x00000000ff500000)
  to   space 11264K, 0% used [0x00000000ff500000,0x00000000ff500000,0x0000000100000000)
 ParOldGen       total 89088K, used 40501K [0x00000000c2c00000, 0x00000000c8300000, 0x00000000eb980000)
  object space 89088K, 45% used [0x00000000c2c00000,0x00000000c538d428,0x00000000c8300000)
 Metaspace       used 61907K, capacity 65658K, committed 65920K, reserved 1105920K
  class space    used 8794K, capacity 9473K, committed 9600K, reserved 1048576K
GC Heap History (10 events):
Event: 11.988 GC heap before
{Heap before GC invocations=14 (full 1):
 PSYoungGen      total 264704K, used 89303K [0x00000000eb980000, 0x00000000fc500000, 0x0000000100000000)
  eden space 255488K, 33% used [0x00000000eb980000,0x00000000f0d99d60,0x00000000fb300000)
  from space 9216K, 34% used [0x00000000fbc00000,0x00000000fbf1c0f0,0x00000000fc500000)
  to   space 9216K, 0% used [0x00000000fb300000,0x00000000fb300000,0x00000000fbc00000)
 ParOldGen       total 32768K, used 19519K [0x00000000c2c00000, 0x00000000c4c00000, 0x00000000eb980000)
  object space 32768K, 59% used [0x00000000c2c00000,0x00000000c3f0ff80,0x00000000c4c00000)
 Metaspace       used 33962K, capacity 35484K, committed 35496K, reserved 1079296K
  class space    used 4742K, capacity 5113K, committed 5120K, reserved 1048576K
Event: 11.995 GC heap after
Heap after GC invocations=14 (full 1):
 PSYoungGen      total 264704K, used 5245K [0x00000000eb980000, 0x00000000fff00000, 0x0000000100000000)
  eden space 255488K, 0% used [0x00000000eb980000,0x00000000eb980000,0x00000000fb300000)
  from space 9216K, 56% used [0x00000000fb300000,0x00000000fb81f4c0,0x00000000fbc00000)
  to   space 8704K, 0% used [0x00000000ff680000,0x00000000ff680000,0x00000000fff00000)
 ParOldGen       total 32768K, used 20767K [0x00000000c2c00000, 0x00000000c4c00000, 0x00000000eb980000)
  object space 32768K, 63% used [0x00000000c2c00000,0x00000000c4047f80,0x00000000c4c00000)
 Metaspace       used 33962K, capacity 35484K, committed 35496K, reserved 1079296K
  class space    used 4742K, capacity 5113K, committed 5120K, reserved 1048576K
}
Event: 11.995 GC heap before
{Heap before GC invocations=15 (full 2):
 PSYoungGen      total 264704K, used 5245K [0x00000000eb980000, 0x00000000fff00000, 0x0000000100000000)
  eden space 255488K, 0% used [0x00000000eb980000,0x00000000eb980000,0x00000000fb300000)
  from space 9216K, 56% used [0x00000000fb300000,0x00000000fb81f4c0,0x00000000fbc00000)
  to   space 8704K, 0% used [0x00000000ff680000,0x00000000ff680000,0x00000000fff00000)
 ParOldGen       total 32768K, used 20767K [0x00000000c2c00000, 0x00000000c4c00000, 0x00000000eb980000)
  object space 32768K, 63% used [0x00000000c2c00000,0x00000000c4047f80,0x00000000c4c00000)
 Metaspace       used 33962K, capacity 35484K, committed 35496K, reserved 1079296K
  class space    used 4742K, capacity 5113K, committed 5120K, reserved 1048576K
Event: 12.059 GC heap after
Heap after GC invocations=15 (full 2):
 PSYoungGen      total 264704K, used 0K [0x00000000eb980000, 0x00000000fff00000, 0x0000000100000000)
  eden space 255488K, 0% used [0x00000000eb980000,0x00000000eb980000,0x00000000fb300000)
  from space 9216K, 0% used [0x00000000fb300000,0x00000000fb300000,0x00000000fbc00000)
  to   space 8704K, 0% used [0x00000000ff680000,0x00000000ff680000,0x00000000fff00000)
 ParOldGen       total 47616K, used 16412K [0x00000000c2c00000, 0x00000000c5a80000, 0x00000000eb980000)
  object space 47616K, 34% used [0x00000000c2c00000,0x00000000c3c07158,0x00000000c5a80000)
 Metaspace       used 33962K, capacity 35484K, committed 35496K, reserved 1079296K
  class space    used 4742K, capacity 5113K, committed 5120K, reserved 1048576K
}
Event: 13.175 GC heap before
{Heap before GC invocations=16 (full 2):
 PSYoungGen      total 264704K, used 255488K [0x00000000eb980000, 0x00000000fff00000, 0x0000000100000000)
  eden space 255488K, 100% used [0x00000000eb980000,0x00000000fb300000,0x00000000fb300000)
  from space 9216K, 0% used [0x00000000fb300000,0x00000000fb300000,0x00000000fbc00000)
  to   space 8704K, 0% used [0x00000000ff680000,0x00000000ff680000,0x00000000fff00000)
 ParOldGen       total 47616K, used 16412K [0x00000000c2c00000, 0x00000000c5a80000, 0x00000000eb980000)
  object space 47616K, 34% used [0x00000000c2c00000,0x00000000c3c07158,0x00000000c5a80000)
 Metaspace       used 40173K, capacity 42390K, committed 42624K, reserved 1085440K
  class space    used 5572K, capacity 6006K, committed 6016K, reserved 1048576K
Event: 13.188 GC heap after
Heap after GC invocations=16 (full 2):
 PSYoungGen      total 320512K, used 8683K [0x00000000eb980000, 0x0000000100000000, 0x0000000100000000)
  eden space 311808K, 0% used [0x00000000eb980000,0x00000000eb980000,0x00000000fea00000)
  from space 8704K, 99% used [0x00000000ff680000,0x00000000ffefad98,0x00000000fff00000)
  to   space 11264K, 0% used [0x00000000fea00000,0x00000000fea00000,0x00000000ff500000)
 ParOldGen       total 47616K, used 20086K [0x00000000c2c00000, 0x00000000c5a80000, 0x00000000eb980000)
  object space 47616K, 42% used [0x00000000c2c00000,0x00000000c3f9d8e0,0x00000000c5a80000)
 Metaspace       used 40173K, capacity 42390K, committed 42624K, reserved 1085440K
  class space    used 5572K, capacity 6006K, committed 6016K, reserved 1048576K
}
Event: 15.560 GC heap before
{Heap before GC invocations=17 (full 2):
 PSYoungGen      total 320512K, used 301556K [0x00000000eb980000, 0x0000000100000000, 0x0000000100000000)
  eden space 311808K, 93% used [0x00000000eb980000,0x00000000fd782600,0x00000000fea00000)
  from space 8704K, 99% used [0x00000000ff680000,0x00000000ffefad98,0x00000000fff00000)
  to   space 11264K, 0% used [0x00000000fea00000,0x00000000fea00000,0x00000000ff500000)
 ParOldGen       total 47616K, used 20086K [0x00000000c2c00000, 0x00000000c5a80000, 0x00000000eb980000)
  object space 47616K, 42% used [0x00000000c2c00000,0x00000000c3f9d8e0,0x00000000c5a80000)
 Metaspace       used 56334K, capacity 58968K, committed 59136K, reserved 1099776K
  class space    used 7879K, capacity 8393K, committed 8448K, reserved 1048576K
Event: 15.612 GC heap after
Heap after GC invocations=17 (full 2):
 PSYoungGen      total 323072K, used 11248K [0x00000000eb980000, 0x0000000100000000, 0x0000000100000000)
  eden space 311808K, 0% used [0x00000000eb980000,0x00000000eb980000,0x00000000fea00000)
  from space 11264K, 99% used [0x00000000fea00000,0x00000000ff4fc028,0x00000000ff500000)
  to   space 11264K, 0% used [0x00000000ff500000,0x00000000ff500000,0x0000000100000000)
 ParOldGen       total 47616K, used 37605K [0x00000000c2c00000, 0x00000000c5a80000, 0x00000000eb980000)
  object space 47616K, 78% used [0x00000000c2c00000,0x00000000c50b9600,0x00000000c5a80000)
 Metaspace       used 56334K, capacity 58968K, committed 59136K, reserved 1099776K
  class space    used 7879K, capacity 8393K, committed 8448K, reserved 1048576K
}
Event: 15.612 GC heap before
{Heap before GC invocations=18 (full 3):
 PSYoungGen      total 323072K, used 11248K [0x00000000eb980000, 0x0000000100000000, 0x0000000100000000)
  eden space 311808K, 0% used [0x00000000eb980000,0x00000000eb980000,0x00000000fea00000)
  from space 11264K, 99% used [0x00000000fea00000,0x00000000ff4fc028,0x00000000ff500000)
  to   space 11264K, 0% used [0x00000000ff500000,0x00000000ff500000,0x0000000100000000)
 ParOldGen       total 47616K, used 37605K [0x00000000c2c00000, 0x00000000c5a80000, 0x00000000eb980000)
  object space 47616K, 78% used [0x00000000c2c00000,0x00000000c50b9600,0x00000000c5a80000)
 Metaspace       used 56334K, capacity 58968K, committed 59136K, reserved 1099776K
  class space    used 7879K, capacity 8393K, committed 8448K, reserved 1048576K
Event: 15.921 GC heap after
Heap after GC invocations=18 (full 3):
 PSYoungGen      total 323072K, used 0K [0x00000000eb980000, 0x0000000100000000, 0x0000000100000000)
  eden space 311808K, 0% used [0x00000000eb980000,0x00000000eb980000,0x00000000fea00000)
  from space 11264K, 0% used [0x00000000fea00000,0x00000000fea00000,0x00000000ff500000)
  to   space 11264K, 0% used [0x00000000ff500000,0x00000000ff500000,0x0000000100000000)
 ParOldGen       total 89088K, used 40501K [0x00000000c2c00000, 0x00000000c8300000, 0x00000000eb980000)
  object space 89088K, 45% used [0x00000000c2c00000,0x00000000c538d428,0x00000000c8300000)
 Metaspace       used 56331K, capacity 58962K, committed 59136K, reserved 1099776K
  class space    used 7879K, capacity 8392K, committed 8448K, reserved 1048576K
}

